<?xml version="1.0"?>
<testsuites>
  <testsuite name="Firefox 31.0.0 (Mac OS X 10.9)" package="" timestamp="2014-08-12T21:19:53" id="0" hostname="ozan-sf.local" tests="3" errors="0" failures="0" time="0.018">
    <properties>
      <property name="browser.fullName" value="Mozilla/5.0 (Macintosh; Intel Mac OS X 10.9; rv:31.0) Gecko/20100101 Firefox/31.0"/>
    </properties>
    <testcase name="provides the client" time="0.01" classname="Firefox 31.0.0 (Mac OS X 10.9).Swagger Client Provider"/>
    <testcase name="makes requests on behalf of the client" time="0.006" classname="Firefox 31.0.0 (Mac OS X 10.9).Swagger Client Provider"/>
    <testcase name="propogates validation errors which may occur" time="0.002" classname="Firefox 31.0.0 (Mac OS X 10.9).Swagger Client Provider"/>
    <system-out><![CDATA[
]]></system-out>
    <system-err/>
  </testsuite>
  <testsuite name="Chrome 36.0.1985 (Mac OS X 10.9.2)" package="" timestamp="2014-08-12T21:19:53" id="0" hostname="ozan-sf.local" tests="3" errors="0" failures="0" time="0.037">
    <properties>
      <property name="browser.fullName" value="Mozilla/5.0 (Macintosh; Intel Mac OS X 10_9_2) AppleWebKit/537.36 (KHTML, like Gecko) Chrome/36.0.1985.125 Safari/537.36"/>
    </properties>
    <testcase name="provides the client" time="0.024" classname="Chrome 36.0.1985 (Mac OS X 10.9.2).Swagger Client Provider"/>
    <testcase name="makes requests on behalf of the client" time="0.01" classname="Chrome 36.0.1985 (Mac OS X 10.9.2).Swagger Client Provider"/>
    <testcase name="propogates validation errors which may occur" time="0.003" classname="Chrome 36.0.1985 (Mac OS X 10.9.2).Swagger Client Provider"/>
    <system-out><![CDATA[
]]></system-out>
    <system-err/>
  </testsuite>
</testsuites>
